<?xml version="1.0" encoding="UTF-8"?>
<testsuites name="TSTroubleshoot" time="83" tests="0" failures="2" errors="0">
   <testsuite name="TSTroubleshoot" tests="0" failures="2" errors="0" time="83" timestamp="2018-08-08 13:18:38" hostname="graywa01 - USLB51TGH2.enterprisenet.org" id="Test Suites/TSTroubleshoot">
      <properties>
         <property name="deviceName" value=""/>
         <property name="devicePlatform" value=""/>
         <property name="logFolder" value="C:\\Users\\graywa01\\git\\SimpleTest\\Reports\\TSTroubleshoot\\20180808_131835"/>
         <property name="logFiles" value="C:\\Users\\graywa01\\git\\SimpleTest\\Reports\\TSTroubleshoot\\20180808_131835\\execution0.log"/>
         <property name="attachments" value="C:\\Users\\graywa01\\git\\SimpleTest\\Reports\\TSTroubleshoot\\20180808_131835\\1533748762188.png, C:\\Users\\graywa01\\git\\SimpleTest\\Reports\\TSTroubleshoot\\20180808_131835\\1533748800311.png"/>
         <property name="hostName" value="graywa01 - USLB51TGH2.enterprisenet.org"/>
         <property name="os" value="Windows 10 64bit"/>
         <property name="katalonVersion" value="5.6.0.1"/>
         <property name="browser" value="Chrome 68.0.3440.84"/>
         <property name="hostAddress" value="10.5.66.46"/>
         <property name="sessionId" value="688617ffd3a0bb6ebc3c3d51e6328612"/>
         <property name="seleniumVersion" value="3.7.1"/>
         <property name="proxyInformation" value="ProxyInformation{proxyOption=NO_PROXY, proxyServerType=HTTP, password=, proxyServerAddress=, proxyServerPort=0}"/>
         <property name="platform" value="Windows 10"/>
      </properties>
      <testcase name="Test Cases/WHTroubleshootMakeAppt" classname="Test Cases/WHTroubleshootMakeAppt" status="FAILED">
         <failure type="FAILED" message="Unable to click on object 'Object Repository/Page_CURA Healthcare Service (1)/a_Go to Homepage' (Root cause: com.kms.katalon.core.webui.exception.WebElementNotFoundException: Web element with id: 'Object Repository/Page_CURA Healthcare Service (1)/a_Go to Homepage' located by 'By.xpath: //a[@href = 'http://demoaut.katalon.com/' and (text() = 'Go to Homepage' or . = 'Go to Homepage')]' not found)"/>
         <system-out><![CDATA[2018-08-08 13:18:38 - [TEST_CASE][FAILED] - Test Cases/WHTroubleshootMakeAppt: Test Cases/WHTroubleshootMakeAppt FAILED because (of) Unable to click on object 'Object Repository/Page_CURA Healthcare Service (1)/a_Go to Homepage' (Root cause: com.kms.katalon.core.webui.exception.WebElementNotFoundException: Web element with id: 'Object Repository/Page_CURA Healthcare Service (1)/a_Go to Homepage' located by 'By.xpath: //a[@href = 'http://demoaut.katalon.com/' and (text() = 'Go to Homepage' or . = 'Go to Homepage')]' not found)

2018-08-08 13:18:39 - [TEST_STEP][PASSED] - openBrowser: Browser is opened with url: ''

2018-08-08 13:18:43 - [MESSAGE][PASSED] - Browser is opened with url: ''

2018-08-08 13:18:43 - [TEST_STEP][PASSED] - navigateToUrl: Navigate to 'http://demoaut.katalon.com/' successfully

2018-08-08 13:18:44 - [MESSAGE][PASSED] - Navigate to 'http://demoaut.katalon.com/' successfully

2018-08-08 13:18:44 - [TEST_STEP][PASSED] - click: Object: 'Object Repository/Page_CURA Healthcare Service (1)/a_Make Appointment' is clicked on

2018-08-08 13:18:45 - [MESSAGE][PASSED] - Object: 'Object Repository/Page_CURA Healthcare Service (1)/a_Make Appointment' is clicked on

2018-08-08 13:18:45 - [TEST_STEP][PASSED] - setText: Text 'John Doe' is set on object 'Object Repository/Page_CURA Healthcare Service (1)/input_username'

2018-08-08 13:18:46 - [MESSAGE][PASSED] - Text 'John Doe' is set on object 'Object Repository/Page_CURA Healthcare Service (1)/input_username'

2018-08-08 13:18:46 - [TEST_STEP][PASSED] - setText: Text 'ThisIsNotAPassword' is set on object 'Object Repository/Page_CURA Healthcare Service (1)/input_password'

2018-08-08 13:18:46 - [MESSAGE][PASSED] - Text 'ThisIsNotAPassword' is set on object 'Object Repository/Page_CURA Healthcare Service (1)/input_password'

2018-08-08 13:18:46 - [TEST_STEP][PASSED] - click: Object: 'Object Repository/Page_CURA Healthcare Service (1)/button_Login' is clicked on

2018-08-08 13:18:46 - [MESSAGE][PASSED] - Object: 'Object Repository/Page_CURA Healthcare Service (1)/button_Login' is clicked on

2018-08-08 13:18:46 - [TEST_STEP][PASSED] - selectOptionByValue: All options with value 'Hongkong CURA Healthcare Center' are selected in object 'Object Repository/Page_CURA Healthcare Service (1)/select_Tokyo CURA Healthcare C'  using regular expression

2018-08-08 13:18:47 - [MESSAGE][PASSED] - All options with value 'Hongkong CURA Healthcare Center' are selected in object 'Object Repository/Page_CURA Healthcare Service (1)/select_Tokyo CURA Healthcare C'  using regular expression

2018-08-08 13:18:47 - [TEST_STEP][PASSED] - click: Object: 'Object Repository/Page_CURA Healthcare Service (1)/label_Apply for hospital readm' is clicked on

2018-08-08 13:18:47 - [MESSAGE][PASSED] - Object: 'Object Repository/Page_CURA Healthcare Service (1)/label_Apply for hospital readm' is clicked on

2018-08-08 13:18:47 - [TEST_STEP][PASSED] - setText: Text '08/14/2018' is set on object 'Object Repository/Page_CURA Healthcare Service (1)/input_visit_date'

2018-08-08 13:18:47 - [MESSAGE][PASSED] - Text '08/14/2018' is set on object 'Object Repository/Page_CURA Healthcare Service (1)/input_visit_date'

2018-08-08 13:18:47 - [TEST_STEP][PASSED] - setText: Text 'enter another comment' is set on object 'Object Repository/Page_CURA Healthcare Service (1)/textarea_comment'

2018-08-08 13:18:48 - [MESSAGE][PASSED] - Text 'enter another comment' is set on object 'Object Repository/Page_CURA Healthcare Service (1)/textarea_comment'

2018-08-08 13:18:48 - [TEST_STEP][PASSED] - click: Object: 'Object Repository/Page_CURA Healthcare Service (1)/button_Book Appointment' is clicked on

2018-08-08 13:18:49 - [MESSAGE][PASSED] - Object: 'Object Repository/Page_CURA Healthcare Service (1)/button_Book Appointment' is clicked on

2018-08-08 13:18:49 - [TEST_STEP][FAILED] - click: Unable to click on object 'Object Repository/Page_CURA Healthcare Service (1)/a_Go to Homepage' (Root cause: com.kms.katalon.core.webui.exception.WebElementNotFoundException: Web element with id: 'Object Repository/Page_CURA Healthcare Service (1)/a_Go to Homepage' located by 'By.xpath: //a[@href = 'http://demoaut.katalon.com/' and (text() = 'Go to Homepage' or . = 'Go to Homepage')]' not found)

2018-08-08 13:19:22 - [MESSAGE][FAILED] - Unable to click on object 'Object Repository/Page_CURA Healthcare Service (1)/a_Go to Homepage' (Root cause: com.kms.katalon.core.webui.exception.WebElementNotFoundException: Web element with id: 'Object Repository/Page_CURA Healthcare Service (1)/a_Go to Homepage' located by 'By.xpath: //a[@href = 'http://demoaut.katalon.com/' and (text() = 'Go to Homepage' or . = 'Go to Homepage')]' not found)
[[ATTACHMENT|C:\\Users\\graywa01\\git\\SimpleTest\\Reports\\TSTroubleshoot\\20180808_131835\\1533748762188.png]]]]></system-out>
         <system-err><![CDATA[2018-08-08 13:18:38 - [TEST_CASE][FAILED] - Test Cases/WHTroubleshootMakeAppt: Test Cases/WHTroubleshootMakeAppt FAILED because (of) Unable to click on object 'Object Repository/Page_CURA Healthcare Service (1)/a_Go to Homepage' (Root cause: com.kms.katalon.core.webui.exception.WebElementNotFoundException: Web element with id: 'Object Repository/Page_CURA Healthcare Service (1)/a_Go to Homepage' located by 'By.xpath: //a[@href = 'http://demoaut.katalon.com/' and (text() = 'Go to Homepage' or . = 'Go to Homepage')]' not found)]]></system-err>
      </testcase>
      <testcase name="Test Cases/WHTroubleshootMakeApptFail" classname="Test Cases/WHTroubleshootMakeApptFail" status="FAILED">
         <failure type="FAILED" message="Unable to click on object 'Object Repository/Page_CURA Healthcare Service (1)/a_Make Appointment' (Root cause: com.kms.katalon.core.webui.exception.WebElementNotFoundException: Web element with id: 'Object Repository/Page_CURA Healthcare Service (1)/a_Make Appointment' located by 'By.xpath: //a[@id = 'btn-make-appointment' and @href = './profile.php#login' and (text() = 'Make Appointment' or . = 'Make Appointment')]' not found)"/>
         <system-out><![CDATA[2018-08-08 13:19:22 - [TEST_CASE][FAILED] - Test Cases/WHTroubleshootMakeApptFail: Test Cases/WHTroubleshootMakeApptFail FAILED because (of) Unable to click on object 'Object Repository/Page_CURA Healthcare Service (1)/a_Make Appointment' (Root cause: com.kms.katalon.core.webui.exception.WebElementNotFoundException: Web element with id: 'Object Repository/Page_CURA Healthcare Service (1)/a_Make Appointment' located by 'By.xpath: //a[@id = 'btn-make-appointment' and @href = './profile.php#login' and (text() = 'Make Appointment' or . = 'Make Appointment')]' not found)

2018-08-08 13:19:22 - [TEST_STEP][PASSED] - openBrowser: Browser is opened with url: ''

2018-08-08 13:19:22 - [MESSAGE][WARNING] - A browser is already opened. Closing browser and opening a new one

2018-08-08 13:19:26 - [MESSAGE][PASSED] - Browser is opened with url: ''

2018-08-08 13:19:26 - [TEST_STEP][PASSED] - navigateToUrl: Navigate to 'http://demoaut.katalonjunk.com/' successfully

2018-08-08 13:19:27 - [MESSAGE][PASSED] - Navigate to 'http://demoaut.katalonjunk.com/' successfully

2018-08-08 13:19:27 - [TEST_STEP][FAILED] - click: Unable to click on object 'Object Repository/Page_CURA Healthcare Service (1)/a_Make Appointment' (Root cause: com.kms.katalon.core.webui.exception.WebElementNotFoundException: Web element with id: 'Object Repository/Page_CURA Healthcare Service (1)/a_Make Appointment' located by 'By.xpath: //a[@id = 'btn-make-appointment' and @href = './profile.php#login' and (text() = 'Make Appointment' or . = 'Make Appointment')]' not found)

2018-08-08 13:20:00 - [MESSAGE][FAILED] - Unable to click on object 'Object Repository/Page_CURA Healthcare Service (1)/a_Make Appointment' (Root cause: com.kms.katalon.core.webui.exception.WebElementNotFoundException: Web element with id: 'Object Repository/Page_CURA Healthcare Service (1)/a_Make Appointment' located by 'By.xpath: //a[@id = 'btn-make-appointment' and @href = './profile.php#login' and (text() = 'Make Appointment' or . = 'Make Appointment')]' not found)
[[ATTACHMENT|C:\\Users\\graywa01\\git\\SimpleTest\\Reports\\TSTroubleshoot\\20180808_131835\\1533748800311.png]]]]></system-out>
         <system-err><![CDATA[2018-08-08 13:19:22 - [TEST_CASE][FAILED] - Test Cases/WHTroubleshootMakeApptFail: Test Cases/WHTroubleshootMakeApptFail FAILED because (of) Unable to click on object 'Object Repository/Page_CURA Healthcare Service (1)/a_Make Appointment' (Root cause: com.kms.katalon.core.webui.exception.WebElementNotFoundException: Web element with id: 'Object Repository/Page_CURA Healthcare Service (1)/a_Make Appointment' located by 'By.xpath: //a[@id = 'btn-make-appointment' and @href = './profile.php#login' and (text() = 'Make Appointment' or . = 'Make Appointment')]' not found)]]></system-err>
      </testcase>
      <system-out><![CDATA[2018-08-08 13:18:38 - [TEST_SUITE][FAILED] - TSTroubleshoot: Test Cases/WHTroubleshootMakeAppt FAILED because (of) Unable to click on object 'Object Repository/Page_CURA Healthcare Service (1)/a_Go to Homepage' (Root cause: com.kms.katalon.core.webui.exception.WebElementNotFoundException: Web element with id: 'Object Repository/Page_CURA Healthcare Service (1)/a_Go to Homepage' located by 'By.xpath: //a[@href = 'http://demoaut.katalon.com/' and (text() = 'Go to Homepage' or . = 'Go to Homepage')]' not found)]]></system-out>
      <system-err><![CDATA[2018-08-08 13:18:38 - [TEST_SUITE][FAILED] - TSTroubleshoot: Test Cases/WHTroubleshootMakeAppt FAILED because (of) Unable to click on object 'Object Repository/Page_CURA Healthcare Service (1)/a_Go to Homepage' (Root cause: com.kms.katalon.core.webui.exception.WebElementNotFoundException: Web element with id: 'Object Repository/Page_CURA Healthcare Service (1)/a_Go to Homepage' located by 'By.xpath: //a[@href = 'http://demoaut.katalon.com/' and (text() = 'Go to Homepage' or . = 'Go to Homepage')]' not found)]]></system-err>
   </testsuite>
</testsuites>
